INFO: localdir at /scratch/941903.yma
INFO: your job will run on local system.
['/home/yma/thesis_project/FakeNewsDetection_MSc_thesis', '/home/yma/miniconda3/envs/NLP_project/lib/python39.zip', '/home/yma/miniconda3/envs/NLP_project/lib/python3.9', '/home/yma/miniconda3/envs/NLP_project/lib/python3.9/lib-dynload', '/home/yma/miniconda3/envs/NLP_project/lib/python3.9/site-packages']
                                         clean_title      id  2_way_label
0  my walgreens offbrand mucinex was engraved wit...  awxhir            1
1                this concerned sink with a tiny hat  98pbid            0
2      hackers leak emails from uae ambassador to us  6f2cy5            1
3                           puppy taking in the view  4xypkv            1
4               i found a face in my sheet music too  8gnet9            0
training set:(563613, 3)
validation set:(59299, 3)
testing set:(59271, 3)
/home/yma/miniconda3/envs/NLP_project/lib/python3.9/site-packages/PIL/Image.py:981: UserWarning: Palette images with Transparency expressed in bytes should be converted to RGBA images
  warnings.warn(
/home/yma/miniconda3/envs/NLP_project/lib/python3.9/site-packages/PIL/Image.py:3186: DecompressionBombWarning: Image size (110718270 pixels) exceeds limit of 89478485 pixels, could be decompression bomb DOS attack.
  warnings.warn(
/home/yma/miniconda3/envs/NLP_project/lib/python3.9/site-packages/PIL/Image.py:3186: DecompressionBombWarning: Image size (154995913 pixels) exceeds limit of 89478485 pixels, could be decompression bomb DOS attack.
  warnings.warn(
Epoch: 0, batch: 35227/1, avg_loss: 0.690232515335083, loss_per_50: 0.01380465030670166, time:14.27s
Epoch: 0, batch: 35227/51, avg_loss: 0.6886461003153932, loss_per_50: 0.6886143720149994, time:23.82s
Epoch: 0, batch: 35227/101, avg_loss: 0.6871275494594385, loss_per_50: 0.6855786275863648, time:25.60s
Epoch: 0, batch: 35227/151, avg_loss: 0.686073026120268, loss_per_50: 0.6839428889751434, time:24.43s
Epoch: 0, batch: 35227/201, avg_loss: 0.6829815373491885, loss_per_50: 0.6736452412605286, time:26.46s
Epoch: 0, batch: 35227/251, avg_loss: 0.6805448026296153, loss_per_50: 0.6707491290569305, time:28.38s
Epoch: 0, batch: 35227/301, avg_loss: 0.6786727202295069, loss_per_50: 0.6692748665809631, time:25.87s
Epoch: 0, batch: 35227/351, avg_loss: 0.6739815466763966, loss_per_50: 0.645740681886673, time:25.44s
Epoch: 0, batch: 35227/401, avg_loss: 0.669749241963289, loss_per_50: 0.6400384628772735, time:24.35s
Epoch: 0, batch: 35227/451, avg_loss: 0.6657109744268617, loss_per_50: 0.6333240687847137, time:25.38s
Epoch: 0, batch: 35227/501, avg_loss: 0.6602173572528862, loss_per_50: 0.6106649303436279, time:26.78s
Epoch: 0, batch: 35227/551, avg_loss: 0.6590981611106443, loss_per_50: 0.6478838157653809, time:24.86s
Epoch: 0, batch: 35227/601, avg_loss: 0.6591746438164481, loss_per_50: 0.6600174832344056, time:24.28s
Epoch: 0, batch: 35227/651, avg_loss: 0.6578080878462843, loss_per_50: 0.6413820850849151, time:26.10s
Epoch: 0, batch: 35227/701, avg_loss: 0.6566505453385912, loss_per_50: 0.6415793418884277, time:25.53s
Epoch: 0, batch: 35227/751, avg_loss: 0.6549724082495972, loss_per_50: 0.6314449262619019, time:24.95s
Epoch: 0, batch: 35227/801, avg_loss: 0.6550453234552295, loss_per_50: 0.6561405098438263, time:26.22s
Epoch: 0, batch: 35227/851, avg_loss: 0.6534063580033361, loss_per_50: 0.6271501314640046, time:27.52s
Epoch: 0, batch: 35227/901, avg_loss: 0.6520931193487228, loss_per_50: 0.6297417974472046, time:26.13s
Epoch: 0, batch: 35227/951, avg_loss: 0.6505100131661609, loss_per_50: 0.6219824397563934, time:26.47s
Epoch: 0, batch: 35227/1001, avg_loss: 0.6499330585414951, loss_per_50: 0.6389593815803528, time:25.77s
Epoch: 0, batch: 35227/1051, avg_loss: 0.6488182033163156, loss_per_50: 0.6264988017082215, time:26.89s
Epoch: 0, batch: 35227/1101, avg_loss: 0.6480572171150609, loss_per_50: 0.6320612871646881, time:26.26s
Epoch: 0, batch: 35227/1151, avg_loss: 0.6474259988211426, loss_per_50: 0.6335265719890595, time:26.41s
Epoch: 0, batch: 35227/1201, avg_loss: 0.6465604470532502, loss_per_50: 0.6266354453563691, time:25.81s
Epoch: 0, batch: 35227/1251, avg_loss: 0.64638875919185, loss_per_50: 0.6422648167610169, time:25.31s
Epoch: 0, batch: 35227/1301, avg_loss: 0.6457663707143064, loss_per_50: 0.6301942110061646, time:25.28s
Epoch: 0, batch: 35227/1351, avg_loss: 0.645313668436337, loss_per_50: 0.6335343551635743, time:26.16s
Epoch: 0, batch: 35227/1401, avg_loss: 0.6448962953497391, loss_per_50: 0.6336188745498658, time:24.98s
Epoch: 0, batch: 35227/1451, avg_loss: 0.6443382940318648, loss_per_50: 0.6287030971050263, time:25.56s
Epoch: 0, batch: 35227/1501, avg_loss: 0.6438825079236803, loss_per_50: 0.6306555950641632, time:24.65s
Epoch: 0, batch: 35227/1551, avg_loss: 0.6437211141979825, loss_per_50: 0.638876074552536, time:25.35s
Epoch: 0, batch: 35227/1601, avg_loss: 0.6432841799171324, loss_per_50: 0.6297304785251617, time:26.79s
Epoch: 0, batch: 35227/1651, avg_loss: 0.6435464791714387, loss_per_50: 0.6519453012943268, time:24.25s
Epoch: 0, batch: 35227/1701, avg_loss: 0.6446741215976668, loss_per_50: 0.6819088745117188, time:26.24s
Epoch: 0, batch: 35227/1751, avg_loss: 0.6457060163256647, loss_per_50: 0.6808110749721528, time:25.72s
Epoch: 0, batch: 35227/1801, avg_loss: 0.6461871955409306, loss_per_50: 0.6630380916595459, time:25.56s
Epoch: 0, batch: 35227/1851, avg_loss: 0.646422588780144, loss_per_50: 0.6549014532566071, time:26.00s
Epoch: 0, batch: 35227/1901, avg_loss: 0.6461651865775054, loss_per_50: 0.6366361570358277, time:25.77s
Epoch: 0, batch: 35227/1951, avg_loss: 0.6462940304845128, loss_per_50: 0.6511926758289337, time:26.89s
Epoch: 0, batch: 35227/2001, avg_loss: 0.6463296897169473, loss_per_50: 0.6477211129665374, time:25.19s
Epoch: 0, batch: 35227/2051, avg_loss: 0.6464377489396853, loss_per_50: 0.6507622790336609, time:24.81s
Epoch: 0, batch: 35227/2101, avg_loss: 0.6464536278262586, loss_per_50: 0.6471049797534942, time:24.14s
Epoch: 0, batch: 35227/2151, avg_loss: 0.6466458315408158, loss_per_50: 0.6547222316265107, time:24.52s
Epoch: 0, batch: 35227/2201, avg_loss: 0.6465713992437304, loss_per_50: 0.6433693218231201, time:25.03s
Epoch: 0, batch: 35227/2251, avg_loss: 0.6465454614464308, loss_per_50: 0.6454036796092987, time:26.84s
Epoch: 0, batch: 35227/2301, avg_loss: 0.6463740235927156, loss_per_50: 0.638655891418457, time:23.94s
Epoch: 0, batch: 35227/2351, avg_loss: 0.6464111858710285, loss_per_50: 0.648121393918991, time:27.82s
Epoch: 0, batch: 35227/2401, avg_loss: 0.6463668528868227, loss_per_50: 0.6442823159694672, time:25.39s
Epoch: 0, batch: 35227/2451, avg_loss: 0.6464016766073459, loss_per_50: 0.6480739116668701, time:26.72s
Epoch: 0, batch: 35227/2501, avg_loss: 0.646575055781101, loss_per_50: 0.6550741028785706, time:24.63s
Epoch: 0, batch: 35227/2551, avg_loss: 0.6466914806259422, loss_per_50: 0.6525150513648987, time:40.04s
Epoch: 0, batch: 35227/2601, avg_loss: 0.6465864881603868, loss_per_50: 0.641229772567749, time:41.03s
Epoch: 0, batch: 35227/2651, avg_loss: 0.6466563435960653, loss_per_50: 0.6502902233600616, time:38.31s
Epoch: 0, batch: 35227/2701, avg_loss: 0.6465521340500818, loss_per_50: 0.6410269439220428, time:37.96s
Epoch: 0, batch: 35227/2751, avg_loss: 0.6468334907793817, loss_per_50: 0.6620323812961578, time:33.42s
Epoch: 0, batch: 35227/2801, avg_loss: 0.6468411694037748, loss_per_50: 0.6472636473178863, time:35.03s
Epoch: 0, batch: 35227/2851, avg_loss: 0.6472364475500454, loss_per_50: 0.6693799293041229, time:32.42s
Epoch: 0, batch: 35227/2901, avg_loss: 0.6472907778477923, loss_per_50: 0.6503886914253235, time:30.44s
Epoch: 0, batch: 35227/2951, avg_loss: 0.6474148261470336, loss_per_50: 0.6546121084690094, time:34.78s
Epoch: 0, batch: 35227/3001, avg_loss: 0.6474025103498482, loss_per_50: 0.6466756319999695, time:31.46s
Epoch: 0, batch: 35227/3051, avg_loss: 0.64748571206999, loss_per_50: 0.6524794793128967, time:32.43s
Epoch: 0, batch: 35227/3101, avg_loss: 0.6477557604484349, loss_per_50: 0.6642341125011444, time:30.07s
Epoch: 0, batch: 35227/3151, avg_loss: 0.6478428804507448, loss_per_50: 0.6532460629940033, time:29.70s
Epoch: 0, batch: 35227/3201, avg_loss: 0.647931701017521, loss_per_50: 0.6535291731357574, time:29.87s
Epoch: 0, batch: 35227/3251, avg_loss: 0.6481756240321981, loss_per_50: 0.6637915754318238, time:29.58s
Epoch: 0, batch: 35227/3301, avg_loss: 0.6483197248151756, loss_per_50: 0.6576891577243805, time:29.64s
Epoch: 0, batch: 35227/3351, avg_loss: 0.6484565207830866, loss_per_50: 0.6574877905845642, time:29.58s
Epoch: 0, batch: 35227/3401, avg_loss: 0.648559448053752, loss_per_50: 0.6554576337337494, time:30.61s
Epoch: 0, batch: 35227/3451, avg_loss: 0.6486786451245764, loss_per_50: 0.6567864298820496, time:29.18s
Epoch: 0, batch: 35227/3501, avg_loss: 0.6487978219611411, loss_per_50: 0.6570234072208404, time:31.26s
Epoch: 0, batch: 35227/3551, avg_loss: 0.6488942360582569, loss_per_50: 0.6556451511383057, time:31.53s
Epoch: 0, batch: 35227/3601, avg_loss: 0.6489513667879155, loss_per_50: 0.6530087912082672, time:27.97s
Epoch: 0, batch: 35227/3651, avg_loss: 0.6490206442542743, loss_per_50: 0.6540100073814392, time:29.01s
Epoch: 0, batch: 35227/3701, avg_loss: 0.6491699010995361, loss_per_50: 0.6600686359405518, time:30.18s
Epoch: 0, batch: 35227/3751, avg_loss: 0.6493127142165827, loss_per_50: 0.6598837411403656, time:29.17s
Epoch: 0, batch: 35227/3801, avg_loss: 0.6494140605711993, loss_per_50: 0.6570170640945434, time:28.44s
Epoch: 0, batch: 35227/3851, avg_loss: 0.649507899171066, loss_per_50: 0.6566415095329284, time:26.81s
Epoch: 0, batch: 35227/3901, avg_loss: 0.6495177917253112, loss_per_50: 0.6502797162532806, time:29.23s
Epoch: 0, batch: 35227/3951, avg_loss: 0.6496250951661245, loss_per_50: 0.6579969096183776, time:27.30s
Epoch: 0, batch: 35227/4001, avg_loss: 0.6496624218109577, loss_per_50: 0.652611973285675, time:31.99s
Epoch: 0, batch: 35227/4051, avg_loss: 0.6497151247956552, loss_per_50: 0.6539324176311493, time:32.70s
Epoch: 0, batch: 35227/4101, avg_loss: 0.6499257813689476, loss_per_50: 0.6669931769371032, time:31.52s
Epoch: 0, batch: 35227/4151, avg_loss: 0.6499219965974959, loss_per_50: 0.6496115696430206, time:28.09s
Epoch: 0, batch: 35227/4201, avg_loss: 0.6500241596396269, loss_per_50: 0.6585057353973389, time:27.95s
Epoch: 0, batch: 35227/4251, avg_loss: 0.6501699722505855, loss_per_50: 0.6624211478233337, time:28.59s
Epoch: 0, batch: 35227/4301, avg_loss: 0.6501461960248852, loss_per_50: 0.6481247413158416, time:28.02s
Epoch: 0, batch: 35227/4351, avg_loss: 0.6501652260699017, loss_per_50: 0.6518021905422211, time:27.92s
Epoch: 0, batch: 35227/4401, avg_loss: 0.6501997970797966, loss_per_50: 0.6532081663608551, time:28.34s
Epoch: 0, batch: 35227/4451, avg_loss: 0.650114176702403, loss_per_50: 0.6425778710842133, time:35.37s
Epoch: 0, batch: 35227/4501, avg_loss: 0.6501624454421167, loss_per_50: 0.6544593286514282, time:30.21s
Epoch: 0, batch: 35227/4551, avg_loss: 0.6501110476783227, loss_per_50: 0.6454842209815979, time:29.19s
Epoch: 0, batch: 35227/4601, avg_loss: 0.6502401548684926, loss_per_50: 0.661991491317749, time:27.12s
Epoch: 0, batch: 35227/4651, avg_loss: 0.650339811854505, loss_per_50: 0.659510247707367, time:26.13s
Epoch: 0, batch: 35227/4701, avg_loss: 0.6502908724111538, loss_per_50: 0.645738525390625, time:29.84s
Epoch: 0, batch: 35227/4751, avg_loss: 0.6502709215853094, loss_per_50: 0.6483951449394226, time:27.37s
Epoch: 0, batch: 35227/4801, avg_loss: 0.650274612808744, loss_per_50: 0.6506253528594971, time:25.80s
Epoch: 0, batch: 35227/4851, avg_loss: 0.6503040765123598, loss_per_50: 0.6531331813335419, time:28.63s
Epoch: 0, batch: 35227/4901, avg_loss: 0.6503315788584081, loss_per_50: 0.6529998564720154, time:29.05s
Epoch: 0, batch: 35227/4951, avg_loss: 0.6504635684443493, loss_per_50: 0.6634011876583099, time:28.81s
Epoch: 0, batch: 35227/5001, avg_loss: 0.6504665272899972, loss_per_50: 0.6507595121860504, time:30.44s
Epoch: 0, batch: 35227/5051, avg_loss: 0.6504940976602822, loss_per_50: 0.6532516860961914, time:29.34s
Epoch: 0, batch: 35227/5101, avg_loss: 0.6504513701138088, loss_per_50: 0.6461350333690643, time:27.61s
Epoch: 0, batch: 35227/5151, avg_loss: 0.6504892176203394, loss_per_50: 0.6543504202365875, time:25.34s
Epoch: 0, batch: 35227/5201, avg_loss: 0.6505431248302346, loss_per_50: 0.6560966455936432, time:26.28s
Epoch: 0, batch: 35227/5251, avg_loss: 0.6505343396535171, loss_per_50: 0.6496205055713653, time:28.56s
Epoch: 0, batch: 35227/5301, avg_loss: 0.6505756182190248, loss_per_50: 0.6549106931686401, time:26.37s
Epoch: 0, batch: 35227/5351, avg_loss: 0.6506044552429127, loss_per_50: 0.653661756515503, time:24.94s
Epoch: 0, batch: 35227/5401, avg_loss: 0.6506117917259321, loss_per_50: 0.6513969421386718, time:26.81s
Epoch: 0, batch: 35227/5451, avg_loss: 0.6505443516334817, loss_per_50: 0.6432594728469848, time:28.04s
Epoch: 0, batch: 35227/5501, avg_loss: 0.6506071774835176, loss_per_50: 0.6574564516544342, time:27.24s
Epoch: 0, batch: 35227/5551, avg_loss: 0.650587477344282, loss_per_50: 0.6484200680255889, time:26.70s
Epoch: 0, batch: 35227/5601, avg_loss: 0.6506489531267244, loss_per_50: 0.6574739944934845, time:28.61s
Epoch: 0, batch: 35227/5651, avg_loss: 0.6506834315464699, loss_per_50: 0.654545704126358, time:27.36s
Epoch: 0, batch: 35227/5701, avg_loss: 0.6507042617447396, loss_per_50: 0.6530584907531738, time:26.56s
Epoch: 0, batch: 35227/5751, avg_loss: 0.6506884748097027, loss_per_50: 0.6488884484767914, time:26.85s
Epoch: 0, batch: 35227/5801, avg_loss: 0.6507202700343014, loss_per_50: 0.6543773567676544, time:26.34s
Epoch: 0, batch: 35227/5851, avg_loss: 0.6507689541903261, loss_per_50: 0.6564172899723053, time:26.17s
Epoch: 0, batch: 35227/5901, avg_loss: 0.6508073814338273, loss_per_50: 0.655304137468338, time:26.61s
Epoch: 0, batch: 35227/5951, avg_loss: 0.6507974243869182, loss_per_50: 0.6496222937107086, time:26.90s
Epoch: 0, batch: 35227/6001, avg_loss: 0.6508178258414984, loss_per_50: 0.6532460069656372, time:26.31s
Epoch: 0, batch: 35227/6051, avg_loss: 0.6507784073716489, loss_per_50: 0.6460474026203156, time:26.66s
Epoch: 0, batch: 35227/6101, avg_loss: 0.6507732249580237, loss_per_50: 0.6501460492610931, time:26.46s
Epoch: 0, batch: 35227/6151, avg_loss: 0.6507205279585482, loss_per_50: 0.6442904400825501, time:24.89s
Epoch: 0, batch: 35227/6201, avg_loss: 0.650707016835538, loss_per_50: 0.6490448784828186, time:25.35s
Epoch: 0, batch: 35227/6251, avg_loss: 0.6506879464604725, loss_per_50: 0.6483228385448456, time:22.11s
Epoch: 0, batch: 35227/6301, avg_loss: 0.6506626778529799, loss_per_50: 0.6475035965442657, time:26.21s
Epoch: 0, batch: 35227/6351, avg_loss: 0.6506867981711592, loss_per_50: 0.653726440668106, time:24.47s
Epoch: 0, batch: 35227/6401, avg_loss: 0.6507015857840307, loss_per_50: 0.6525799083709717, time:25.01s
Epoch: 0, batch: 35227/6451, avg_loss: 0.6506977720401801, loss_per_50: 0.6502095365524292, time:25.64s
Epoch: 0, batch: 35227/6501, avg_loss: 0.6507191940319206, loss_per_50: 0.6534830594062805, time:22.71s
Epoch: 0, batch: 35227/6551, avg_loss: 0.6506581835993518, loss_per_50: 0.6427256071567535, time:24.84s
Epoch: 0, batch: 35227/6601, avg_loss: 0.6506337499080364, loss_per_50: 0.6474324476718902, time:22.75s
Epoch: 0, batch: 35227/6651, avg_loss: 0.6506377104851845, loss_per_50: 0.6511605858802796, time:23.36s
Epoch: 0, batch: 35227/6701, avg_loss: 0.650651215315043, loss_per_50: 0.6524476277828216, time:25.20s
Epoch: 0, batch: 35227/6751, avg_loss: 0.6506189114604944, loss_per_50: 0.6462895488739013, time:24.57s
Epoch: 0, batch: 35227/6801, avg_loss: 0.6506254866953686, loss_per_50: 0.6515132749080658, time:23.41s
Epoch: 0, batch: 35227/6851, avg_loss: 0.6505910685559708, loss_per_50: 0.6459095132350922, time:22.13s
Epoch: 0, batch: 35227/6901, avg_loss: 0.6505692144733048, loss_per_50: 0.6475747680664062, time:24.12s
Epoch: 0, batch: 35227/6951, avg_loss: 0.6505301050394838, loss_per_50: 0.6451322209835052, time:25.62s
Epoch: 0, batch: 35227/7001, avg_loss: 0.6505073711048313, loss_per_50: 0.6473468995094299, time:24.46s
Epoch: 0, batch: 35227/7051, avg_loss: 0.6505209962335348, loss_per_50: 0.6524287867546081, time:22.94s
Epoch: 0, batch: 35227/7101, avg_loss: 0.650500793882431, loss_per_50: 0.6476518583297729, time:20.66s
Epoch: 0, batch: 35227/7151, avg_loss: 0.6505083772139588, loss_per_50: 0.65158536195755, time:19.44s
Epoch: 0, batch: 35227/7201, avg_loss: 0.6504878744683718, loss_per_50: 0.6475555717945098, time:21.68s
Epoch: 0, batch: 35227/7251, avg_loss: 0.6503646840820344, loss_per_50: 0.6326228046417236, time:22.53s
Epoch: 0, batch: 35227/7301, avg_loss: 0.6503974618266468, loss_per_50: 0.6551508903503418, time:19.84s
Epoch: 0, batch: 35227/7351, avg_loss: 0.6503990161761088, loss_per_50: 0.6506259822845459, time:21.64s
Epoch: 0, batch: 35227/7401, avg_loss: 0.6504134247954062, loss_per_50: 0.6525317800045013, time:19.38s
Epoch: 0, batch: 35227/7451, avg_loss: 0.6503588848026979, loss_per_50: 0.642285875082016, time:21.71s
Epoch: 0, batch: 35227/7501, avg_loss: 0.6503569337864301, loss_per_50: 0.6500661933422088, time:20.49s
Epoch: 0, batch: 35227/7551, avg_loss: 0.6503239453604578, loss_per_50: 0.6453750216960907, time:19.72s
Epoch: 0, batch: 35227/7601, avg_loss: 0.6503161578613776, loss_per_50: 0.6491400897502899, time:21.64s
Epoch: 0, batch: 35227/7651, avg_loss: 0.6503270634590855, loss_per_50: 0.6519849324226379, time:22.05s
Epoch: 0, batch: 35227/7701, avg_loss: 0.6503229471185489, loss_per_50: 0.6496930646896363, time:21.71s
Epoch: 0, batch: 35227/7751, avg_loss: 0.6502940292405153, loss_per_50: 0.6458400976657868, time:22.39s
Epoch: 0, batch: 35227/7801, avg_loss: 0.6502996521444753, loss_per_50: 0.6511713147163392, time:21.10s
Epoch: 0, batch: 35227/7851, avg_loss: 0.6503196887538139, loss_per_50: 0.6534458005428314, time:20.73s
Epoch: 0, batch: 35227/7901, avg_loss: 0.6502824553114419, loss_per_50: 0.6444360601902008, time:21.92s
Epoch: 0, batch: 35227/7951, avg_loss: 0.6502573713013667, loss_per_50: 0.6462935960292816, time:22.09s
Epoch: 0, batch: 35227/8001, avg_loss: 0.6502197016076645, loss_per_50: 0.6442294669151306, time:21.95s
Epoch: 0, batch: 35227/8051, avg_loss: 0.6502373689835804, loss_per_50: 0.6530645024776459, time:20.36s
Epoch: 0, batch: 35227/8101, avg_loss: 0.6502001350668533, loss_per_50: 0.644204729795456, time:22.36s
Epoch: 0, batch: 35227/8151, avg_loss: 0.6501819350692835, loss_per_50: 0.6472331714630127, time:22.28s
Epoch: 0, batch: 35227/8201, avg_loss: 0.6501786890458426, loss_per_50: 0.6496495223045349, time:21.49s
Epoch: 0, batch: 35227/8251, avg_loss: 0.6501446566412975, loss_per_50: 0.6445626616477966, time:25.54s
Epoch: 0, batch: 35227/8301, avg_loss: 0.650162230154331, loss_per_50: 0.6530622112751007, time:21.15s
Epoch: 0, batch: 35227/8351, avg_loss: 0.650138136248805, loss_per_50: 0.6461380660533905, time:22.37s
Epoch: 0, batch: 35227/8401, avg_loss: 0.6500895465361108, loss_per_50: 0.6419740927219391, time:23.22s
Epoch: 0, batch: 35227/8451, avg_loss: 0.6500720793771231, loss_per_50: 0.6471372473239899, time:21.15s
Epoch: 0, batch: 35227/8501, avg_loss: 0.6500327862819326, loss_per_50: 0.6433914673328399, time:21.16s
Epoch: 0, batch: 35227/8551, avg_loss: 0.6500200943045694, loss_per_50: 0.6478622043132782, time:19.93s
Epoch: 0, batch: 35227/8601, avg_loss: 0.6500194466206906, loss_per_50: 0.6499086797237397, time:20.85s
Epoch: 0, batch: 35227/8651, avg_loss: 0.6500046070966125, loss_per_50: 0.6474519121646881, time:23.77s
Epoch: 0, batch: 35227/8701, avg_loss: 0.6499781729421209, loss_per_50: 0.6454045355319977, time:21.00s
Epoch: 0, batch: 35227/8751, avg_loss: 0.6499373505093986, loss_per_50: 0.6428334307670593, time:22.15s
Epoch: 0, batch: 35227/8801, avg_loss: 0.6499349448291053, loss_per_50: 0.6495139026641845, time:20.96s
Epoch: 0, batch: 35227/8851, avg_loss: 0.6499067440556613, loss_per_50: 0.644942843914032, time:20.89s
Epoch: 0, batch: 35227/8901, avg_loss: 0.6498581545699273, loss_per_50: 0.6412568438053131, time:19.97s
Epoch: 0, batch: 35227/8951, avg_loss: 0.6498549120038092, loss_per_50: 0.6492776703834534, time:22.46s
Epoch: 0, batch: 35227/9001, avg_loss: 0.6498622885347406, loss_per_50: 0.6511828351020813, time:21.43s
Epoch: 0, batch: 35227/9051, avg_loss: 0.6498273186967618, loss_per_50: 0.6435320484638214, time:22.59s
Epoch: 0, batch: 35227/9101, avg_loss: 0.6497967357216871, loss_per_50: 0.6442606055736542, time:21.68s
Epoch: 0, batch: 35227/9151, avg_loss: 0.6497462578268471, loss_per_50: 0.6405582714080811, time:23.03s
Epoch: 0, batch: 35227/9201, avg_loss: 0.6497228363845261, loss_per_50: 0.6454362440109253, time:21.40s
Epoch: 0, batch: 35227/9251, avg_loss: 0.6496675491217033, loss_per_50: 0.6394935870170593, time:22.48s
Epoch: 0, batch: 35227/9301, avg_loss: 0.6496216449772411, loss_per_50: 0.6411284601688385, time:18.43s
Epoch: 0, batch: 35227/9351, avg_loss: 0.6495668883948845, loss_per_50: 0.6393810689449311, time:20.71s
Epoch: 0, batch: 35227/9401, avg_loss: 0.649550462546418, loss_per_50: 0.6464785003662109, time:21.02s
Epoch: 0, batch: 35227/9451, avg_loss: 0.6494892127374381, loss_per_50: 0.6379730236530304, time:21.74s
Epoch: 0, batch: 35227/9501, avg_loss: 0.6494058791166506, loss_per_50: 0.633654158115387, time:22.17s
Epoch: 0, batch: 35227/9551, avg_loss: 0.649380065098993, loss_per_50: 0.6444748854637146, time:20.77s
Epoch: 0, batch: 35227/9601, avg_loss: 0.6493160287398446, loss_per_50: 0.6370838034152985, time:21.76s
Epoch: 0, batch: 35227/9651, avg_loss: 0.6492946612107396, loss_per_50: 0.6451916682720185, time:21.14s
Epoch: 0, batch: 35227/9701, avg_loss: 0.6492350910966046, loss_per_50: 0.6377368676662445, time:21.02s
Epoch: 0, batch: 35227/9751, avg_loss: 0.6491734875054155, loss_per_50: 0.6372211587429046, time:21.27s
Epoch: 0, batch: 35227/9801, avg_loss: 0.6491312857805838, loss_per_50: 0.6409011054039001, time:20.95s
Epoch: 0, batch: 35227/9851, avg_loss: 0.6491143390704213, loss_per_50: 0.6457924449443817, time:20.40s
Epoch: 0, batch: 35227/9901, avg_loss: 0.6490519108428894, loss_per_50: 0.6367523014545441, time:24.60s
Epoch: 0, batch: 35227/9951, avg_loss: 0.6489927797578182, loss_per_50: 0.6372836422920227, time:20.84s
Epoch: 0, batch: 35227/10001, avg_loss: 0.6489604163880277, loss_per_50: 0.6425194585323334, time:22.57s
Epoch: 0, batch: 35227/10051, avg_loss: 0.6489212887226177, loss_per_50: 0.6410949730873108, time:22.90s
Epoch: 0, batch: 35227/10101, avg_loss: 0.6488689912178648, loss_per_50: 0.638356146812439, time:23.87s
Epoch: 0, batch: 35227/10151, avg_loss: 0.6488140259936647, loss_per_50: 0.6377099514007568, time:23.94s
Epoch: 0, batch: 35227/10201, avg_loss: 0.6487181002913053, loss_per_50: 0.6292432641983032, time:20.44s
Epoch: 0, batch: 35227/10251, avg_loss: 0.6486913445356148, loss_per_50: 0.6432326352596283, time:22.99s
Epoch: 0, batch: 35227/10301, avg_loss: 0.648663304058305, loss_per_50: 0.642914445400238, time:22.35s
Epoch: 0, batch: 35227/10351, avg_loss: 0.6486870658223772, loss_per_50: 0.6535824644565582, time:23.19s
Epoch: 0, batch: 35227/10401, avg_loss: 0.6486167224848824, loss_per_50: 0.6340542447566986, time:24.54s
Epoch: 0, batch: 35227/10451, avg_loss: 0.648589415534719, loss_per_50: 0.6429090237617493, time:23.00s
Epoch: 0, batch: 35227/10501, avg_loss: 0.6485184279581148, loss_per_50: 0.6336806046962739, time:23.13s
Epoch: 0, batch: 35227/10551, avg_loss: 0.6484935702040189, loss_per_50: 0.643272944688797, time:21.96s
Epoch: 0, batch: 35227/10601, avg_loss: 0.6485009969894464, loss_per_50: 0.6500681972503662, time:23.19s
Epoch: 0, batch: 35227/10651, avg_loss: 0.6484575347154535, loss_per_50: 0.6392426633834839, time:21.64s
Epoch: 0, batch: 35227/10701, avg_loss: 0.6484549763982246, loss_per_50: 0.6479100036621094, time:20.95s
Epoch: 0, batch: 35227/10751, avg_loss: 0.6484102999184943, loss_per_50: 0.6388486397266387, time:22.59s
Epoch: 0, batch: 35227/10801, avg_loss: 0.6484030383558762, loss_per_50: 0.6468416571617126, time:20.85s
Epoch: 0, batch: 35227/10851, avg_loss: 0.648376013290914, loss_per_50: 0.642538058757782, time:24.02s
Epoch: 0, batch: 35227/10901, avg_loss: 0.648353063560453, loss_per_50: 0.6433725130558013, time:22.29s
Epoch: 0, batch: 35227/10951, avg_loss: 0.6483684154626235, loss_per_50: 0.6517154371738434, time:19.78s
Epoch: 0, batch: 35227/11001, avg_loss: 0.6483495755581821, loss_per_50: 0.6442232596874237, time:21.56s
Epoch: 0, batch: 35227/11051, avg_loss: 0.6483022620878374, loss_per_50: 0.6378923523426056, time:19.53s
Epoch: 0, batch: 35227/11101, avg_loss: 0.6482784022630717, loss_per_50: 0.643004903793335, time:19.43s
Epoch: 0, batch: 35227/11151, avg_loss: 0.6482672179432666, loss_per_50: 0.6457840752601623, time:20.67s
Epoch: 0, batch: 35227/11201, avg_loss: 0.6482354138442612, loss_per_50: 0.641142463684082, time:19.53s
Epoch: 0, batch: 35227/11251, avg_loss: 0.6482121940189315, loss_per_50: 0.6430104887485504, time:20.21s
Epoch: 0, batch: 35227/11301, avg_loss: 0.6481873641793848, loss_per_50: 0.6426001536846161, time:20.80s
Epoch: 0, batch: 35227/11351, avg_loss: 0.6481280102360963, loss_per_50: 0.6347128319740295, time:18.71s
Epoch: 0, batch: 35227/11401, avg_loss: 0.6481042567674198, loss_per_50: 0.6427117443084717, time:20.67s
Epoch: 0, batch: 35227/11451, avg_loss: 0.6480636485913218, loss_per_50: 0.6388041722774506, time:19.76s
Epoch: 0, batch: 35227/11501, avg_loss: 0.6480245284335155, loss_per_50: 0.6390652298927307, time:22.72s
Epoch: 0, batch: 35227/11551, avg_loss: 0.6479932124888615, loss_per_50: 0.6407899188995362, time:20.30s
Epoch: 0, batch: 35227/11601, avg_loss: 0.6479510789944708, loss_per_50: 0.6382173991203308, time:21.31s
Epoch: 0, batch: 35227/11651, avg_loss: 0.6479133274430176, loss_per_50: 0.639154212474823, time:21.94s
Epoch: 0, batch: 35227/11701, avg_loss: 0.6478771348303581, loss_per_50: 0.6394435322284698, time:20.17s
Epoch: 0, batch: 35227/11751, avg_loss: 0.6478642565870719, loss_per_50: 0.6448504900932313, time:18.52s
Epoch: 0, batch: 35227/11801, avg_loss: 0.6478485298473929, loss_per_50: 0.6441524314880371, time:23.19s
Epoch: 0, batch: 35227/11851, avg_loss: 0.6478062244962816, loss_per_50: 0.6378213155269623, time:19.01s
Epoch: 0, batch: 35227/11901, avg_loss: 0.6477985284016139, loss_per_50: 0.6459744000434875, time:20.74s
Epoch: 0, batch: 35227/11951, avg_loss: 0.6478206971162294, loss_per_50: 0.6530972945690156, time:20.51s
Epoch: 0, batch: 35227/12001, avg_loss: 0.6477970355014564, loss_per_50: 0.6421414363384247, time:19.84s
Epoch: 0, batch: 35227/12051, avg_loss: 0.6477850769013451, loss_per_50: 0.6449147737026215, time:19.66s
Epoch: 0, batch: 35227/12101, avg_loss: 0.6477968555158371, loss_per_50: 0.6506357371807099, time:19.55s
Epoch: 0, batch: 35227/12151, avg_loss: 0.6477986215789684, loss_per_50: 0.648226044178009, time:16.80s
Epoch: 0, batch: 35227/12201, avg_loss: 0.6477726063037756, loss_per_50: 0.6414503741264344, time:19.62s
Epoch: 0, batch: 35227/12251, avg_loss: 0.6477546881543462, loss_per_50: 0.6433823013305664, time:19.93s
Epoch: 0, batch: 35227/12301, avg_loss: 0.647716996224176, loss_per_50: 0.638481719493866, time:20.01s
Epoch: 0, batch: 35227/12351, avg_loss: 0.6477091480108342, loss_per_50: 0.6457783305644988, time:21.31s
Epoch: 0, batch: 35227/12401, avg_loss: 0.6476886951147611, loss_per_50: 0.6426364207267761, time:22.02s
Epoch: 0, batch: 35227/12451, avg_loss: 0.6476686263350576, loss_per_50: 0.6426911675930023, time:18.41s
Epoch: 0, batch: 35227/12501, avg_loss: 0.6476690944848313, loss_per_50: 0.6477856731414795, time:18.68s
Epoch: 0, batch: 35227/12551, avg_loss: 0.6476503336546421, loss_per_50: 0.6429597508907318, time:20.91s
Epoch: 0, batch: 35227/12601, avg_loss: 0.6476476964056752, loss_per_50: 0.6469856941699982, time:21.24s
Epoch: 0, batch: 35227/12651, avg_loss: 0.6476133116035441, loss_per_50: 0.6389476537704468, time:22.09s
Epoch: 0, batch: 35227/12701, avg_loss: 0.64758096638744, loss_per_50: 0.6393969798088074, time:21.53s
Epoch: 0, batch: 35227/12751, avg_loss: 0.6475771137821227, loss_per_50: 0.6465984749794006, time:18.07s
Epoch: 0, batch: 35227/12801, avg_loss: 0.6475543171043983, loss_per_50: 0.6417407083511353, time:19.92s
Epoch: 0, batch: 35227/12851, avg_loss: 0.6475297090525053, loss_per_50: 0.641229555606842, time:20.93s
Epoch: 0, batch: 35227/12901, avg_loss: 0.6475404524801314, loss_per_50: 0.6503017282485962, time:19.89s
Epoch: 0, batch: 35227/12951, avg_loss: 0.6475103264627802, loss_per_50: 0.6397372114658356, time:21.45s
Epoch: 0, batch: 35227/13001, avg_loss: 0.6475117212120877, loss_per_50: 0.6478729891777039, time:19.91s
Epoch: 0, batch: 35227/13051, avg_loss: 0.6475181882431311, loss_per_50: 0.6491997456550598, time:20.69s
Epoch: 0, batch: 35227/13101, avg_loss: 0.6475076960995036, loss_per_50: 0.644769036769867, time:19.20s
Epoch: 0, batch: 35227/13151, avg_loss: 0.6474768475800555, loss_per_50: 0.6393939185142518, time:21.06s
Epoch: 0, batch: 35227/13201, avg_loss: 0.6475149995042974, loss_per_50: 0.657549718618393, time:20.18s
Epoch: 0, batch: 35227/13251, avg_loss: 0.6475068880030725, loss_per_50: 0.6453652894496917, time:20.97s
Epoch: 0, batch: 35227/13301, avg_loss: 0.6475393773604046, loss_per_50: 0.6561497068405151, time:18.88s
Epoch: 0, batch: 35227/13351, avg_loss: 0.6475341458926352, loss_per_50: 0.6461424708366394, time:20.42s
Epoch: 0, batch: 35227/13401, avg_loss: 0.6475106241560526, loss_per_50: 0.6412298500537872, time:17.75s
Epoch: 0, batch: 35227/13451, avg_loss: 0.6475197431474147, loss_per_50: 0.6499638152122498, time:20.17s
Epoch: 0, batch: 35227/13501, avg_loss: 0.6475054958150808, loss_per_50: 0.6436726784706116, time:20.79s
Epoch: 0, batch: 35227/13551, avg_loss: 0.647489918267082, loss_per_50: 0.643283668756485, time:21.05s
Epoch: 0, batch: 35227/13601, avg_loss: 0.6474991927216328, loss_per_50: 0.650012755393982, time:20.22s
Epoch: 0, batch: 35227/13651, avg_loss: 0.6474952254528685, loss_per_50: 0.6464160490036011, time:20.75s
Epoch: 0, batch: 35227/13701, avg_loss: 0.6475011046398609, loss_per_50: 0.649106240272522, time:21.82s
Epoch: 0, batch: 35227/13751, avg_loss: 0.647505110055349, loss_per_50: 0.6486026740074158, time:24.54s
Epoch: 0, batch: 35227/13801, avg_loss: 0.6475039525495371, loss_per_50: 0.6471856153011322, time:22.26s
Epoch: 0, batch: 35227/13851, avg_loss: 0.6474862204382251, loss_per_50: 0.6425918030738831, time:20.64s
Epoch: 0, batch: 35227/13901, avg_loss: 0.647476485976812, loss_per_50: 0.6447798454761505, time:27.13s
Epoch: 0, batch: 35227/13951, avg_loss: 0.6474734907568624, loss_per_50: 0.6466407597064971, time:24.75s
Epoch: 0, batch: 35227/14001, avg_loss: 0.6474430146715265, loss_per_50: 0.6389395773410798, time:22.32s
Epoch: 0, batch: 35227/14051, avg_loss: 0.6474574439152816, loss_per_50: 0.6514979207515716, time:21.23s
Epoch: 0, batch: 35227/14101, avg_loss: 0.6474384866947063, loss_per_50: 0.6421111285686493, time:23.75s
Epoch: 0, batch: 35227/14151, avg_loss: 0.6474493428570889, loss_per_50: 0.6505109977722168, time:23.82s
Epoch: 0, batch: 35227/14201, avg_loss: 0.6474037045081328, loss_per_50: 0.6344871389865875, time:22.81s
Epoch: 0, batch: 35227/14251, avg_loss: 0.6473676567244602, loss_per_50: 0.6371293652057648, time:24.32s
Epoch: 0, batch: 35227/14301, avg_loss: 0.6473539183418381, loss_per_50: 0.6434382045269013, time:25.77s
Epoch: 0, batch: 35227/14351, avg_loss: 0.6473221789585257, loss_per_50: 0.6382440805435181, time:23.76s
Epoch: 0, batch: 35227/14401, avg_loss: 0.6472759185487318, loss_per_50: 0.6339982557296753, time:25.95s
Epoch: 0, batch: 35227/14451, avg_loss: 0.6472379790689778, loss_per_50: 0.6363106501102448, time:24.40s
Epoch: 0, batch: 35227/14501, avg_loss: 0.6472350791457373, loss_per_50: 0.6463969433307648, time:21.42s
Epoch: 0, batch: 35227/14551, avg_loss: 0.6472011012937939, loss_per_50: 0.6373468446731567, time:20.17s
Epoch: 0, batch: 35227/14601, avg_loss: 0.6471689546747523, loss_per_50: 0.6378136456012726, time:22.32s
Epoch: 0, batch: 35227/14651, avg_loss: 0.6471394020236398, loss_per_50: 0.6385094368457794, time:21.79s
Epoch: 0, batch: 35227/14701, avg_loss: 0.6471222530464827, loss_per_50: 0.642097259759903, time:21.93s
Epoch: 0, batch: 35227/14751, avg_loss: 0.6471018528228744, loss_per_50: 0.6411037790775299, time:22.89s
Epoch: 0, batch: 35227/14801, avg_loss: 0.647106231096572, loss_per_50: 0.6483979094028473, time:23.04s
Epoch: 0, batch: 35227/14851, avg_loss: 0.647065345979798, loss_per_50: 0.6349625337123871, time:23.64s
Epoch: 0, batch: 35227/14901, avg_loss: 0.6470248155262348, loss_per_50: 0.6349864602088928, time:26.47s
Epoch: 0, batch: 35227/14951, avg_loss: 0.6469934989190741, loss_per_50: 0.6376605236530304, time:22.14s
Epoch: 0, batch: 35227/15001, avg_loss: 0.6469615182473846, loss_per_50: 0.6373986577987671, time:25.89s
Epoch: 0, batch: 35227/15051, avg_loss: 0.6469357608006362, loss_per_50: 0.6392080116271973, time:22.32s
Epoch: 0, batch: 35227/15101, avg_loss: 0.6469201859153112, loss_per_50: 0.6422318339347839, time:22.74s
Epoch: 0, batch: 35227/15151, avg_loss: 0.646900059401686, loss_per_50: 0.6408214497566224, time:23.00s
Epoch: 0, batch: 35227/15201, avg_loss: 0.6468783287059068, loss_per_50: 0.640293493270874, time:23.08s
Epoch: 0, batch: 35227/15251, avg_loss: 0.6468760475519251, loss_per_50: 0.646182531118393, time:22.66s
Epoch: 0, batch: 35227/15301, avg_loss: 0.6468754317758754, loss_per_50: 0.6466876077651977, time:24.54s
Epoch: 0, batch: 35227/15351, avg_loss: 0.6468625253834606, loss_per_50: 0.6429129111766815, time:24.34s
Epoch: 0, batch: 35227/15401, avg_loss: 0.6468152583523947, loss_per_50: 0.6323033344745635, time:22.81s
Epoch: 0, batch: 35227/15451, avg_loss: 0.6467935245412506, loss_per_50: 0.6400990760326386, time:25.55s
Epoch: 0, batch: 35227/15501, avg_loss: 0.6467444387630266, loss_per_50: 0.6315759515762329, time:34.07s
Epoch: 0, batch: 35227/15551, avg_loss: 0.6467429796650236, loss_per_50: 0.6462906301021576, time:34.69s
Epoch: 0, batch: 35227/15601, avg_loss: 0.6467355691533113, loss_per_50: 0.6444307518005371, time:33.12s
Epoch: 0, batch: 35227/15651, avg_loss: 0.646705284072038, loss_per_50: 0.6372557330131531, time:33.36s
Epoch: 0, batch: 35227/15701, avg_loss: 0.646703213553893, loss_per_50: 0.6460550999641419, time:31.17s
Epoch: 0, batch: 35227/15751, avg_loss: 0.6466747048271853, loss_per_50: 0.6377223944664001, time:31.12s
Epoch: 0, batch: 35227/15801, avg_loss: 0.6466824831438098, loss_per_50: 0.6491328084468841, time:30.47s
Epoch: 0, batch: 35227/15851, avg_loss: 0.6467085547736298, loss_per_50: 0.6549477112293244, time:29.32s
Epoch: 0, batch: 35227/15901, avg_loss: 0.6467240717109514, loss_per_50: 0.6516432511806488, time:27.80s
Epoch: 0, batch: 35227/15951, avg_loss: 0.6467168900325571, loss_per_50: 0.6444329726696014, time:28.46s
Epoch: 0, batch: 35227/16001, avg_loss: 0.6467012532814824, loss_per_50: 0.641712816953659, time:27.60s
Epoch: 0, batch: 35227/16051, avg_loss: 0.646699709904453, loss_per_50: 0.6462057983875275, time:28.60s
Epoch: 0, batch: 35227/16101, avg_loss: 0.6466764517174279, loss_per_50: 0.6392101085186005, time:30.33s
Epoch: 0, batch: 35227/16151, avg_loss: 0.6466586497662407, loss_per_50: 0.6409260654449462, time:30.40s
Epoch: 0, batch: 35227/16201, avg_loss: 0.6466344474907326, loss_per_50: 0.6388166284561158, time:26.03s
Epoch: 0, batch: 35227/16251, avg_loss: 0.6466486166494897, loss_per_50: 0.6512397074699402, time:29.42s
Epoch: 0, batch: 35227/16301, avg_loss: 0.6466123973414266, loss_per_50: 0.6348403978347779, time:26.18s
Epoch: 0, batch: 35227/16351, avg_loss: 0.6466086673252474, loss_per_50: 0.6453926074504852, time:27.10s
Epoch: 0, batch: 35227/16401, avg_loss: 0.6466128911145481, loss_per_50: 0.6479941546916962, time:27.05s
Epoch: 0, batch: 35227/16451, avg_loss: 0.6466037445782558, loss_per_50: 0.6436034977436066, time:27.55s
Epoch: 0, batch: 35227/16501, avg_loss: 0.6465963933852346, loss_per_50: 0.6441777038574219, time:24.70s
Epoch: 0, batch: 35227/16551, avg_loss: 0.6465771661864387, loss_per_50: 0.6402318060398102, time:27.16s
Epoch: 0, batch: 35227/16601, avg_loss: 0.6465533680208088, loss_per_50: 0.6386756992340088, time:25.94s
Epoch: 0, batch: 35227/16651, avg_loss: 0.6465372183209647, loss_per_50: 0.641175194978714, time:27.35s
Epoch: 0, batch: 35227/16701, avg_loss: 0.6465100942668169, loss_per_50: 0.6374772417545319, time:33.01s
Epoch: 0, batch: 35227/16751, avg_loss: 0.6464829664395166, loss_per_50: 0.6374217295646667, time:29.47s
Epoch: 0, batch: 35227/16801, avg_loss: 0.6464881571720955, loss_per_50: 0.6482271564006805, time:27.82s
Epoch: 0, batch: 35227/16851, avg_loss: 0.6464762144800138, loss_per_50: 0.642463231086731, time:29.63s
Epoch: 0, batch: 35227/16901, avg_loss: 0.6464624464966815, loss_per_50: 0.6418223607540131, time:24.99s
Epoch: 0, batch: 35227/16951, avg_loss: 0.646451723226776, loss_per_50: 0.6428270435333252, time:27.41s
Epoch: 0, batch: 35227/17001, avg_loss: 0.6464506067512218, loss_per_50: 0.6460720992088318, time:26.55s
Epoch: 0, batch: 35227/17051, avg_loss: 0.6464395441622212, loss_per_50: 0.6426780426502228, time:26.30s
Epoch: 0, batch: 35227/17101, avg_loss: 0.6464068486421305, loss_per_50: 0.6352570223808288, time:27.68s
Epoch: 0, batch: 35227/17151, avg_loss: 0.6463982073720375, loss_per_50: 0.6434427201747894, time:27.16s
Epoch: 0, batch: 35227/17201, avg_loss: 0.6463737916990766, loss_per_50: 0.6379987275600434, time:25.04s
Epoch: 0, batch: 35227/17251, avg_loss: 0.6463731155728031, loss_per_50: 0.6461405146121979, time:24.16s
Epoch: 0, batch: 35227/17301, avg_loss: 0.6463436234287427, loss_per_50: 0.6361682438850402, time:26.11s
Epoch: 0, batch: 35227/17351, avg_loss: 0.646321623399274, loss_per_50: 0.6387091732025146, time:27.53s
Epoch: 0, batch: 35227/17401, avg_loss: 0.6463131756592356, loss_per_50: 0.6433816409111023, time:23.58s
Epoch: 0, batch: 35227/17451, avg_loss: 0.6462782577289004, loss_per_50: 0.6341261196136475, time:28.20s
Epoch: 0, batch: 35227/17501, avg_loss: 0.646236065356883, loss_per_50: 0.6315100836753845, time:26.12s
Epoch: 0, batch: 35227/17551, avg_loss: 0.6461924797795409, loss_per_50: 0.63093665599823, time:26.22s
Epoch: 0, batch: 35227/17601, avg_loss: 0.6461606869934079, loss_per_50: 0.6350007832050324, time:24.21s
Epoch: 0, batch: 35227/17651, avg_loss: 0.6461276587673533, loss_per_50: 0.6345010626316071, time:25.41s
Epoch: 0, batch: 35227/17701, avg_loss: 0.6461084560380602, loss_per_50: 0.6393295085430145, time:25.38s
Epoch: 0, batch: 35227/17751, avg_loss: 0.6460857889993541, loss_per_50: 0.638061203956604, time:21.72s
Epoch: 0, batch: 35227/17801, avg_loss: 0.646047199159504, loss_per_50: 0.6323470342159271, time:22.16s
Epoch: 0, batch: 35227/17851, avg_loss: 0.6460160925824945, loss_per_50: 0.6349415290355682, time:23.99s
Epoch: 0, batch: 35227/17901, avg_loss: 0.6459864799313476, loss_per_50: 0.6354141712188721, time:22.19s
Epoch: 0, batch: 35227/17951, avg_loss: 0.6459640053200341, loss_per_50: 0.6379176449775695, time:20.67s
Epoch: 0, batch: 35227/18001, avg_loss: 0.6459307482882173, loss_per_50: 0.6339908087253571, time:20.51s
Epoch: 0, batch: 35227/18051, avg_loss: 0.6459246707401093, loss_per_50: 0.6437366318702697, time:19.41s
Epoch: 0, batch: 35227/18101, avg_loss: 0.6459121168413832, loss_per_50: 0.641379908323288, time:21.97s
Epoch: 0, batch: 35227/18151, avg_loss: 0.6458816709390233, loss_per_50: 0.6348596453666687, time:23.00s
Epoch: 0, batch: 35227/18201, avg_loss: 0.6458673051154048, loss_per_50: 0.6406522238254547, time:22.68s
Epoch: 0, batch: 35227/18251, avg_loss: 0.6458627313667765, loss_per_50: 0.6441977953910828, time:20.51s
Epoch: 0, batch: 35227/18301, avg_loss: 0.6458629626412514, loss_per_50: 0.6459473824501037, time:21.29s
Epoch: 0, batch: 35227/18351, avg_loss: 0.6458443147461458, loss_per_50: 0.6390188121795655, time:22.92s
Epoch: 0, batch: 35227/18401, avg_loss: 0.6458190766360914, loss_per_50: 0.6365561854839324, time:23.39s
Epoch: 0, batch: 35227/18451, avg_loss: 0.6457909610877353, loss_per_50: 0.6354438769817352, time:22.75s
Epoch: 0, batch: 35227/18501, avg_loss: 0.6457598490345433, loss_per_50: 0.6342788791656494, time:21.94s
Epoch: 0, batch: 35227/18551, avg_loss: 0.645718814031717, loss_per_50: 0.6305350422859192, time:22.72s
Epoch: 0, batch: 35227/18601, avg_loss: 0.6456873135524157, loss_per_50: 0.6340000057220458, time:24.12s
Epoch: 0, batch: 35227/18651, avg_loss: 0.6456526244116829, loss_per_50: 0.6327475702762604, time:23.33s
Epoch: 0, batch: 35227/18701, avg_loss: 0.6456402419314755, loss_per_50: 0.641021329164505, time:19.76s
Epoch: 0, batch: 35227/18751, avg_loss: 0.6455984400861149, loss_per_50: 0.6299637138843537, time:21.22s
Epoch: 0, batch: 35227/18801, avg_loss: 0.6455860979017708, loss_per_50: 0.6409575319290162, time:20.87s
Epoch: 0, batch: 35227/18851, avg_loss: 0.6455612700217334, loss_per_50: 0.6362254905700684, time:21.85s
Epoch: 0, batch: 35227/18901, avg_loss: 0.6455600213250196, loss_per_50: 0.645089237689972, time:20.77s
Epoch: 0, batch: 35227/18951, avg_loss: 0.645540903293453, loss_per_50: 0.6383139050006866, time:25.01s
Epoch: 0, batch: 35227/19001, avg_loss: 0.6455241226408395, loss_per_50: 0.6391639196872712, time:20.09s
Epoch: 0, batch: 35227/19051, avg_loss: 0.6454913089340562, loss_per_50: 0.6330214440822601, time:19.69s
Epoch: 0, batch: 35227/19101, avg_loss: 0.6454897813694395, loss_per_50: 0.6449077486991882, time:21.70s
Epoch: 0, batch: 35227/19151, avg_loss: 0.645481114297005, loss_per_50: 0.6421701192855835, time:20.70s
Epoch: 0, batch: 35227/19201, avg_loss: 0.6454803524126107, loss_per_50: 0.645188535451889, time:21.22s
Epoch: 0, batch: 35227/19251, avg_loss: 0.6454726277150201, loss_per_50: 0.6425061893463134, time:20.50s
Epoch: 0, batch: 35227/19301, avg_loss: 0.645454969157716, loss_per_50: 0.6386560714244842, time:21.80s
Epoch: 0, batch: 35227/19351, avg_loss: 0.6454367801500077, loss_per_50: 0.638415459394455, time:22.07s
Epoch: 0, batch: 35227/19401, avg_loss: 0.645406118057283, loss_per_50: 0.633539274930954, time:21.86s
Epoch: 0, batch: 35227/19451, avg_loss: 0.645390395995345, loss_per_50: 0.6392899215221405, time:20.25s
Epoch: 0, batch: 35227/19501, avg_loss: 0.6453859729220589, loss_per_50: 0.6436653089523315, time:20.45s
Epoch: 0, batch: 35227/19551, avg_loss: 0.6453621928225173, loss_per_50: 0.6360874783992767, time:20.07s
Epoch: 0, batch: 35227/19601, avg_loss: 0.6453553615501417, loss_per_50: 0.6426841974258423, time:21.95s
Epoch: 0, batch: 35227/19651, avg_loss: 0.6453314261832958, loss_per_50: 0.6359482836723328, time:21.28s
Epoch: 0, batch: 35227/19701, avg_loss: 0.6453237242671077, loss_per_50: 0.6422967171669006, time:20.51s
Epoch: 0, batch: 35227/19751, avg_loss: 0.64528898515977, loss_per_50: 0.6316010820865631, time:23.39s
Epoch: 0, batch: 35227/19801, avg_loss: 0.6452889403973702, loss_per_50: 0.645271258354187, time:20.19s
Epoch: 0, batch: 35227/19851, avg_loss: 0.6452711136789924, loss_per_50: 0.6382113766670227, time:22.00s
Epoch: 0, batch: 35227/19901, avg_loss: 0.6452386934375902, loss_per_50: 0.6323672091960907, time:21.99s
Epoch: 0, batch: 35227/19951, avg_loss: 0.6452174352754668, loss_per_50: 0.6367562615871429, time:20.12s
Epoch: 0, batch: 35227/20001, avg_loss: 0.6451921627692094, loss_per_50: 0.6351079273223877, time:21.48s
Epoch: 0, batch: 35227/20051, avg_loss: 0.6451707457962206, loss_per_50: 0.6366035282611847, time:20.90s
Epoch: 0, batch: 35227/20101, avg_loss: 0.6451456809594236, loss_per_50: 0.6350941801071167, time:23.68s
Epoch: 0, batch: 35227/20151, avg_loss: 0.6451273579247494, loss_per_50: 0.6377611315250397, time:21.87s
Epoch: 0, batch: 35227/20201, avg_loss: 0.6451292326914061, loss_per_50: 0.6458848011493683, time:20.86s
Epoch: 0, batch: 35227/20251, avg_loss: 0.6451119106820492, loss_per_50: 0.6381134724617005, time:21.02s
Epoch: 0, batch: 35227/20301, avg_loss: 0.6450935195252306, loss_per_50: 0.6376447331905365, time:21.65s
Epoch: 0, batch: 35227/20351, avg_loss: 0.6450636403038487, loss_per_50: 0.6329320788383483, time:22.88s
Epoch: 0, batch: 35227/20401, avg_loss: 0.6450287054890564, loss_per_50: 0.6308095371723175, time:20.90s
Epoch: 0, batch: 35227/20451, avg_loss: 0.6450076352517637, loss_per_50: 0.6364105570316315, time:20.11s
Epoch: 0, batch: 35227/20501, avg_loss: 0.6449791544920339, loss_per_50: 0.6333299541473388, time:21.20s
Epoch: 0, batch: 35227/20551, avg_loss: 0.6449671843865047, loss_per_50: 0.6400592017173767, time:22.22s
Epoch: 0, batch: 35227/20601, avg_loss: 0.6449420216083411, loss_per_50: 0.6345996165275574, time:19.25s
Epoch: 0, batch: 35227/20651, avg_loss: 0.6449378634052157, loss_per_50: 0.6432246005535126, time:20.32s
Epoch: 0, batch: 35227/20701, avg_loss: 0.6449082773190513, loss_per_50: 0.6326886320114136, time:21.95s
Epoch: 0, batch: 35227/20751, avg_loss: 0.6448906112174506, loss_per_50: 0.6375764918327331, time:19.00s
Epoch: 0, batch: 35227/20801, avg_loss: 0.6448670633767272, loss_per_50: 0.6350942385196686, time:21.71s
Epoch: 0, batch: 35227/20851, avg_loss: 0.6448307472260746, loss_per_50: 0.6297225022315979, time:20.86s
Epoch: 0, batch: 35227/20901, avg_loss: 0.6448039629260784, loss_per_50: 0.6336343741416931, time:21.06s
Epoch: 0, batch: 35227/20951, avg_loss: 0.6447738023465656, loss_per_50: 0.6321660768985748, time:19.36s
Epoch: 0, batch: 35227/21001, avg_loss: 0.644738845703494, loss_per_50: 0.630091313123703, time:22.91s
Epoch: 0, batch: 35227/21051, avg_loss: 0.6447184480831836, loss_per_50: 0.6361510396003723, time:21.29s
Epoch: 0, batch: 35227/21101, avg_loss: 0.6447088364136568, loss_per_50: 0.6406621313095093, time:21.17s
Epoch: 0, batch: 35227/21151, avg_loss: 0.6446877447833215, loss_per_50: 0.6357866549491882, time:20.93s
Epoch: 0, batch: 35227/21201, avg_loss: 0.6446937886331842, loss_per_50: 0.6472504580020905, time:19.67s
Epoch: 0, batch: 35227/21251, avg_loss: 0.6447174091472844, loss_per_50: 0.6547329795360565, time:20.53s
Epoch: 0, batch: 35227/21301, avg_loss: 0.6447273628414307, loss_per_50: 0.6489578819274903, time:20.33s
Epoch: 0, batch: 35227/21351, avg_loss: 0.6447316032567966, loss_per_50: 0.6465381050109863, time:20.80s
Epoch: 0, batch: 35227/21401, avg_loss: 0.6446839310338489, loss_per_50: 0.6243269383907318, time:21.40s
Epoch: 0, batch: 35227/21451, avg_loss: 0.6446619013084809, loss_per_50: 0.6352327382564544, time:20.08s
Epoch: 0, batch: 35227/21501, avg_loss: 0.6446379316440267, loss_per_50: 0.6343544661998749, time:23.41s
Epoch: 0, batch: 35227/21551, avg_loss: 0.6446182533049715, loss_per_50: 0.6361561739444732, time:21.36s
Epoch: 0, batch: 35227/21601, avg_loss: 0.6446049912434685, loss_per_50: 0.6388887774944305, time:21.05s
Epoch: 0, batch: 35227/21651, avg_loss: 0.6445712375836881, loss_per_50: 0.6299889814853669, time:22.60s
Epoch: 0, batch: 35227/21701, avg_loss: 0.6445299809162839, loss_per_50: 0.6266650187969208, time:19.60s
Epoch: 0, batch: 35227/21751, avg_loss: 0.6445173205444114, loss_per_50: 0.6390224659442901, time:19.64s
Epoch: 0, batch: 35227/21801, avg_loss: 0.6444810921623862, loss_per_50: 0.6287210214138031, time:19.87s
Epoch: 0, batch: 35227/21851, avg_loss: 0.6444546165965382, loss_per_50: 0.6329107403755188, time:20.63s
Epoch: 0, batch: 35227/21901, avg_loss: 0.6444208840029266, loss_per_50: 0.6296790659427642, time:22.69s
Epoch: 0, batch: 35227/21951, avg_loss: 0.6444131236082654, loss_per_50: 0.6410139155387878, time:20.02s
Epoch: 0, batch: 35227/22001, avg_loss: 0.6443924102846706, loss_per_50: 0.6352988469600678, time:20.13s
Epoch: 0, batch: 35227/22051, avg_loss: 0.6443547320892458, loss_per_50: 0.6277755725383759, time:21.15s
Epoch: 0, batch: 35227/22101, avg_loss: 0.6443315391319164, loss_per_50: 0.6341029810905456, time:19.52s
Epoch: 0, batch: 35227/22151, avg_loss: 0.6443056716810667, loss_per_50: 0.6328717410564423, time:19.84s
Epoch: 0, batch: 35227/22201, avg_loss: 0.6442575645142861, loss_per_50: 0.6229451274871827, time:20.07s
Epoch: 0, batch: 35227/22251, avg_loss: 0.6442125137160534, loss_per_50: 0.6242090582847595, time:21.39s
Epoch: 0, batch: 35227/22301, avg_loss: 0.6441751159518766, loss_per_50: 0.6275323629379272, time:22.24s
Epoch: 0, batch: 35227/22351, avg_loss: 0.6441566998444117, loss_per_50: 0.635942747592926, time:19.65s
Epoch: 0, batch: 35227/22401, avg_loss: 0.6441177440181353, loss_per_50: 0.6267037105560302, time:20.86s
Epoch: 0, batch: 35227/22451, avg_loss: 0.644077651230223, loss_per_50: 0.6261152803897858, time:22.07s
Epoch: 0, batch: 35227/22501, avg_loss: 0.6440288465921892, loss_per_50: 0.6221145880222321, time:19.91s
Epoch: 0, batch: 35227/22551, avg_loss: 0.6440055409263736, loss_per_50: 0.6335175251960754, time:20.56s
Epoch: 0, batch: 35227/22601, avg_loss: 0.6439837345712602, loss_per_50: 0.6341486322879791, time:20.48s
Epoch: 0, batch: 35227/22651, avg_loss: 0.64393943242956, loss_per_50: 0.6239139783382416, time:26.31s
Epoch: 0, batch: 35227/22701, avg_loss: 0.6439294424709636, loss_per_50: 0.6394037914276123, time:19.68s
Epoch: 0, batch: 35227/22751, avg_loss: 0.6438974819232184, loss_per_50: 0.6293867540359497, time:19.87s
Epoch: 0, batch: 35227/22801, avg_loss: 0.6438783535251105, loss_per_50: 0.6351745498180389, time:22.96s
Epoch: 0, batch: 35227/22851, avg_loss: 0.6438463447438377, loss_per_50: 0.6292497003078461, time:23.01s
Epoch: 0, batch: 35227/22901, avg_loss: 0.6438149505945008, loss_per_50: 0.6294671964645385, time:21.04s
Epoch: 0, batch: 35227/22951, avg_loss: 0.6437816518952106, loss_per_50: 0.628530181646347, time:19.62s
Epoch: 0, batch: 35227/23001, avg_loss: 0.643740094743041, loss_per_50: 0.6246645307540893, time:22.19s
Epoch: 0, batch: 35227/23051, avg_loss: 0.6437279584221527, loss_per_50: 0.6381450080871582, time:19.65s
Epoch: 0, batch: 35227/23101, avg_loss: 0.643693234810999, loss_per_50: 0.6276849555969238, time:19.81s
Epoch: 0, batch: 35227/23151, avg_loss: 0.643661569070674, loss_per_50: 0.6290313637256623, time:21.91s
Epoch: 0, batch: 35227/23201, avg_loss: 0.6436179774233269, loss_per_50: 0.6234341728687286, time:22.48s
Epoch: 0, batch: 35227/23251, avg_loss: 0.6436129775945973, loss_per_50: 0.6412929570674897, time:19.65s
Epoch: 0, batch: 35227/23301, avg_loss: 0.6435870347880053, loss_per_50: 0.6315231108665467, time:21.72s
Epoch: 0, batch: 35227/23351, avg_loss: 0.643565516636043, loss_per_50: 0.6335376274585723, time:20.39s
Epoch: 0, batch: 35227/23401, avg_loss: 0.6435212875491487, loss_per_50: 0.6228654193878174, time:20.77s
Epoch: 0, batch: 35227/23451, avg_loss: 0.6434936399861626, loss_per_50: 0.630554027557373, time:21.50s
Epoch: 0, batch: 35227/23501, avg_loss: 0.6434888936150283, loss_per_50: 0.6412627506256103, time:21.18s
Epoch: 0, batch: 35227/23551, avg_loss: 0.6434703835696558, loss_per_50: 0.634770292043686, time:22.25s
Epoch: 0, batch: 35227/23601, avg_loss: 0.6434841054808532, loss_per_50: 0.6499474000930786, time:21.34s
Epoch: 0, batch: 35227/23651, avg_loss: 0.6434495464388822, loss_per_50: 0.6271369874477386, time:19.41s
Epoch: 0, batch: 35227/23701, avg_loss: 0.6434108696151477, loss_per_50: 0.6251159584522248, time:20.72s
Epoch: 0, batch: 35227/23751, avg_loss: 0.6433923426193818, loss_per_50: 0.6346101760864258, time:20.99s
Epoch: 0, batch: 35227/23801, avg_loss: 0.6433956485591783, loss_per_50: 0.6449660360813141, time:21.54s
Epoch: 0, batch: 35227/23851, avg_loss: 0.6433618549360759, loss_per_50: 0.6272754144668579, time:22.76s
Epoch: 0, batch: 35227/23901, avg_loss: 0.6433287459952797, loss_per_50: 0.6275351190567017, time:20.95s
Epoch: 0, batch: 35227/23951, avg_loss: 0.6433173409260259, loss_per_50: 0.6378654897212982, time:19.02s
Epoch: 0, batch: 35227/24001, avg_loss: 0.6432781456574853, loss_per_50: 0.6245028281211853, time:20.25s
Epoch: 0, batch: 35227/24051, avg_loss: 0.6432561301762763, loss_per_50: 0.6326882588863373, time:20.08s
Epoch: 0, batch: 35227/24101, avg_loss: 0.6432268747175033, loss_per_50: 0.6291544139385223, time:20.18s
Epoch: 0, batch: 35227/24151, avg_loss: 0.6431901610483517, loss_per_50: 0.6254934382438659, time:19.27s
Epoch: 0, batch: 35227/24201, avg_loss: 0.6431612964134749, loss_per_50: 0.6292191004753113, time:22.39s
Epoch: 0, batch: 35227/24251, avg_loss: 0.6431205496852518, loss_per_50: 0.6233983182907105, time:19.50s
Epoch: 0, batch: 35227/24301, avg_loss: 0.6430938998091236, loss_per_50: 0.6301681768894195, time:19.70s
Epoch: 0, batch: 35227/24351, avg_loss: 0.6430695229700462, loss_per_50: 0.6312218916416168, time:18.66s
Epoch: 0, batch: 35227/24401, avg_loss: 0.6430408955328748, loss_per_50: 0.6290987610816956, time:21.46s
Epoch: 0, batch: 35227/24451, avg_loss: 0.6430050330066295, loss_per_50: 0.6255034029483795, time:22.68s
Epoch: 0, batch: 35227/24501, avg_loss: 0.6430014168762206, loss_per_50: 0.6412330567836761, time:19.53s
Epoch: 0, batch: 35227/24551, avg_loss: 0.6429709619084355, loss_per_50: 0.6280474185943603, time:20.40s
Epoch: 0, batch: 35227/24601, avg_loss: 0.6429192960991578, loss_per_50: 0.6175503504276275, time:20.01s
Epoch: 0, batch: 35227/24651, avg_loss: 0.6428828213544778, loss_per_50: 0.6249365174770355, time:19.21s
Epoch: 0, batch: 35227/24701, avg_loss: 0.6428494565105937, loss_per_50: 0.6263999211788177, time:21.13s
Epoch: 0, batch: 35227/24751, avg_loss: 0.6428029310327121, loss_per_50: 0.6198184144496918, time:18.66s
Epoch: 0, batch: 35227/24801, avg_loss: 0.6427580127840652, loss_per_50: 0.6205225813388825, time:21.60s
Epoch: 0, batch: 35227/24851, avg_loss: 0.6427235556706054, loss_per_50: 0.6256321382522583, time:20.40s
Epoch: 0, batch: 35227/24901, avg_loss: 0.6427028805399261, loss_per_50: 0.6324269270896912, time:17.93s
Epoch: 0, batch: 35227/24951, avg_loss: 0.6426683691865547, loss_per_50: 0.625481024980545, time:22.19s
Epoch: 0, batch: 35227/25001, avg_loss: 0.6426305174922939, loss_per_50: 0.6237417650222778, time:20.96s
Epoch: 0, batch: 35227/25051, avg_loss: 0.642599730676084, loss_per_50: 0.627205706834793, time:20.77s
Epoch: 0, batch: 35227/25101, avg_loss: 0.642576606251045, loss_per_50: 0.6309908068180085, time:20.50s
Epoch: 0, batch: 35227/25151, avg_loss: 0.6425515117145126, loss_per_50: 0.6299535524845123, time:22.35s
Epoch: 0, batch: 35227/25201, avg_loss: 0.6425090902552029, loss_per_50: 0.6211702477931976, time:19.84s
Epoch: 0, batch: 35227/25251, avg_loss: 0.642469514195723, loss_per_50: 0.6225223886966705, time:20.04s
Epoch: 0, batch: 35227/25301, avg_loss: 0.642451151508733, loss_per_50: 0.633177627325058, time:21.15s
Epoch: 0, batch: 35227/25351, avg_loss: 0.642421375249322, loss_per_50: 0.6273539924621582, time:18.49s
Epoch: 0, batch: 35227/25401, avg_loss: 0.6423961611616485, loss_per_50: 0.6296121144294738, time:20.33s
Epoch: 0, batch: 35227/25451, avg_loss: 0.6423546388867674, loss_per_50: 0.6212604928016663, time:20.95s
Epoch: 0, batch: 35227/25501, avg_loss: 0.6422927704826392, loss_per_50: 0.6108005154132843, time:20.98s
Epoch: 0, batch: 35227/25551, avg_loss: 0.6422541326475463, loss_per_50: 0.622548063993454, time:19.48s
Epoch: 0, batch: 35227/25601, avg_loss: 0.6422259537909469, loss_per_50: 0.6278259944915772, time:18.44s
Epoch: 0, batch: 35227/25651, avg_loss: 0.6421705308394945, loss_per_50: 0.6137928712368012, time:20.75s
Epoch: 0, batch: 35227/25701, avg_loss: 0.6421194577417941, loss_per_50: 0.6159179371595382, time:20.69s
Epoch: 0, batch: 35227/25751, avg_loss: 0.6420725039565759, loss_per_50: 0.6179373192787171, time:20.26s
Epoch: 0, batch: 35227/25801, avg_loss: 0.6420501183839293, loss_per_50: 0.6305211007595062, time:22.08s
Epoch: 0, batch: 35227/25851, avg_loss: 0.6420157666047451, loss_per_50: 0.6242895615100861, time:20.19s
Epoch: 0, batch: 35227/25901, avg_loss: 0.641974015868238, loss_per_50: 0.6203880500793457, time:19.45s
Epoch: 0, batch: 35227/25951, avg_loss: 0.6419481987252841, loss_per_50: 0.6285744023323059, time:19.35s
Epoch: 0, batch: 35227/26001, avg_loss: 0.6419281340872736, loss_per_50: 0.631514185667038, time:17.98s
Epoch: 0, batch: 35227/26051, avg_loss: 0.6418883424302465, loss_per_50: 0.6211958849430084, time:20.63s
Epoch: 0, batch: 35227/26101, avg_loss: 0.6418204934465662, loss_per_50: 0.6064698159694671, time:19.63s
Epoch: 0, batch: 35227/26151, avg_loss: 0.6418220716132966, loss_per_50: 0.6426459062099457, time:19.94s
Epoch: 0, batch: 35227/26201, avg_loss: 0.6417699204053657, loss_per_50: 0.6144937956333161, time:22.05s
Epoch: 0, batch: 35227/26251, avg_loss: 0.6417163685035135, loss_per_50: 0.613654100894928, time:21.16s
Epoch: 0, batch: 35227/26301, avg_loss: 0.6416954606888181, loss_per_50: 0.6307184398174286, time:20.43s
Epoch: 0, batch: 35227/26351, avg_loss: 0.6416430241534309, loss_per_50: 0.6140603578090668, time:19.66s
Epoch: 0, batch: 35227/26401, avg_loss: 0.6416035303281232, loss_per_50: 0.6207894945144653, time:19.44s
Epoch: 0, batch: 35227/26451, avg_loss: 0.6415405353512017, loss_per_50: 0.6082779276371002, time:20.66s
Epoch: 0, batch: 35227/26501, avg_loss: 0.6415097064040507, loss_per_50: 0.6252005767822265, time:18.51s
Epoch: 0, batch: 35227/26551, avg_loss: 0.6414582304972758, loss_per_50: 0.6141749703884125, time:20.52s
Epoch: 0, batch: 35227/26601, avg_loss: 0.641411713618613, loss_per_50: 0.6167103207111359, time:21.41s
Epoch: 0, batch: 35227/26651, avg_loss: 0.6413902173554096, loss_per_50: 0.6299537754058838, time:19.68s
Epoch: 0, batch: 35227/26701, avg_loss: 0.6413486749385833, loss_per_50: 0.6192057359218598, time:26.94s
Epoch: 0, batch: 35227/26751, avg_loss: 0.6413153819075558, loss_per_50: 0.6235362374782563, time:23.37s
Epoch: 0, batch: 35227/26801, avg_loss: 0.6412809758912511, loss_per_50: 0.6228730690479278, time:19.95s
Epoch: 0, batch: 35227/26851, avg_loss: 0.6412254147072584, loss_per_50: 0.6114435088634491, time:21.70s
Epoch: 0, batch: 35227/26901, avg_loss: 0.6411861072988795, loss_per_50: 0.6200772428512573, time:18.29s
Epoch: 0, batch: 35227/26951, avg_loss: 0.6411233509196399, loss_per_50: 0.607359163761139, time:20.72s
Epoch: 0, batch: 35227/27001, avg_loss: 0.6410785598115326, loss_per_50: 0.6169352567195893, time:23.01s
Epoch: 0, batch: 35227/27051, avg_loss: 0.6410467528496153, loss_per_50: 0.6238703572750092, time:20.58s
Epoch: 0, batch: 35227/27101, avg_loss: 0.6410158502024517, loss_per_50: 0.6242969000339508, time:21.70s
Epoch: 0, batch: 35227/27151, avg_loss: 0.6409971479111484, loss_per_50: 0.6308601319789886, time:20.82s
Epoch: 0, batch: 35227/27201, avg_loss: 0.6409631591720408, loss_per_50: 0.6225065940618515, time:22.32s
Epoch: 0, batch: 35227/27251, avg_loss: 0.6410112511975617, loss_per_50: 0.6671742749214172, time:19.93s
Epoch: 0, batch: 35227/27301, avg_loss: 0.6409938960938893, loss_per_50: 0.631535017490387, time:19.28s
Epoch: 0, batch: 35227/27351, avg_loss: 0.6409498456583472, loss_per_50: 0.6168974268436432, time:22.51s
Epoch: 0, batch: 35227/27401, avg_loss: 0.6409087760214135, loss_per_50: 0.6184428632259369, time:20.00s
Epoch: 0, batch: 35227/27451, avg_loss: 0.6408846474602324, loss_per_50: 0.6276617133617401, time:20.28s
Epoch: 0, batch: 35227/27501, avg_loss: 0.6408539303025048, loss_per_50: 0.6239895963668823, time:20.46s
Epoch: 0, batch: 35227/27551, avg_loss: 0.6408215329818494, loss_per_50: 0.6230023586750031, time:20.67s
Epoch: 0, batch: 35227/27601, avg_loss: 0.6407814346155885, loss_per_50: 0.6186864328384399, time:18.86s
Epoch: 0, batch: 35227/27651, avg_loss: 0.6407268194345052, loss_per_50: 0.6105781471729279, time:22.13s
Epoch: 0, batch: 35227/27701, avg_loss: 0.6406772509020918, loss_per_50: 0.6132648611068725, time:20.18s
Epoch: 0, batch: 35227/27751, avg_loss: 0.6406300796813301, loss_per_50: 0.6144962799549103, time:21.17s
Epoch: 0, batch: 35227/27801, avg_loss: 0.6405786048194958, loss_per_50: 0.612009027004242, time:22.13s
Epoch: 0, batch: 35227/27851, avg_loss: 0.6405425616720755, loss_per_50: 0.6205018508434296, time:21.37s
Epoch: 0, batch: 35227/27901, avg_loss: 0.6404908088124237, loss_per_50: 0.611663430929184, time:20.74s
Epoch: 0, batch: 35227/27951, avg_loss: 0.6404607520880186, loss_per_50: 0.6236884987354279, time:18.42s
Epoch: 0, batch: 35227/28001, avg_loss: 0.6404401449973078, loss_per_50: 0.6289203691482544, time:21.24s
Epoch: 0, batch: 35227/28051, avg_loss: 0.6403795043749246, loss_per_50: 0.6064195430278778, time:20.12s
Epoch: 0, batch: 35227/28101, avg_loss: 0.6403386220253768, loss_per_50: 0.6174028062820435, time:21.02s
Epoch: 0, batch: 35227/28151, avg_loss: 0.6403072791888715, loss_per_50: 0.6226919782161713, time:18.48s
Epoch: 0, batch: 35227/28201, avg_loss: 0.6402475566917867, loss_per_50: 0.6066225963830948, time:21.81s
Epoch: 0, batch: 35227/28251, avg_loss: 0.6401917624178618, loss_per_50: 0.6087226760387421, time:19.43s
Epoch: 0, batch: 35227/28301, avg_loss: 0.6401511441934261, loss_per_50: 0.6172010350227356, time:19.43s
Epoch: 0, batch: 35227/28351, avg_loss: 0.6401103284839499, loss_per_50: 0.6170078206062317, time:19.42s
Epoch: 0, batch: 35227/28401, avg_loss: 0.6400271365927632, loss_per_50: 0.592855670452118, time:18.45s
Epoch: 0, batch: 35227/28451, avg_loss: 0.6400016194426746, loss_per_50: 0.62550736784935, time:21.62s
Epoch: 0, batch: 35227/28501, avg_loss: 0.639934406175408, loss_per_50: 0.6016887128353119, time:20.19s
Epoch: 0, batch: 35227/28551, avg_loss: 0.6398658495858139, loss_per_50: 0.6007872223854065, time:20.91s
Epoch: 0, batch: 35227/28601, avg_loss: 0.6398106909409665, loss_per_50: 0.6083140015602112, time:22.38s
Epoch: 0, batch: 35227/28651, avg_loss: 0.6397594286080185, loss_per_50: 0.6104363489151001, time:19.67s
Epoch: 0, batch: 35227/28701, avg_loss: 0.6397160150193532, loss_per_50: 0.6148391604423523, time:20.79s
Epoch: 0, batch: 35227/28751, avg_loss: 0.6396769774316278, loss_per_50: 0.6172686213254929, time:20.70s
Epoch: 0, batch: 35227/28801, avg_loss: 0.6396131607990398, loss_per_50: 0.602917320728302, time:20.84s
Epoch: 0, batch: 35227/28851, avg_loss: 0.639551200158823, loss_per_50: 0.6038606321811676, time:23.93s
Epoch: 0, batch: 35227/28901, avg_loss: 0.63949963559222, loss_per_50: 0.6097458493709564, time:19.81s
Epoch: 0, batch: 35227/28951, avg_loss: 0.6394507873717551, loss_per_50: 0.6112155389785766, time:19.80s
Epoch: 0, batch: 35227/29001, avg_loss: 0.6394071695800567, loss_per_50: 0.6141515958309174, time:20.87s
Epoch: 0, batch: 35227/29051, avg_loss: 0.6393773583002514, loss_per_50: 0.6220862197875977, time:20.87s
Epoch: 0, batch: 35227/29101, avg_loss: 0.6393137612876104, loss_per_50: 0.602362625002861, time:20.45s
Epoch: 0, batch: 35227/29151, avg_loss: 0.6392503182481792, loss_per_50: 0.6023252004384995, time:20.30s
Epoch: 0, batch: 35227/29201, avg_loss: 0.6392073584318952, loss_per_50: 0.6141609263420105, time:22.84s
Epoch: 0, batch: 35227/29251, avg_loss: 0.6391372687999768, loss_per_50: 0.5982035219669342, time:21.37s
Epoch: 0, batch: 35227/29301, avg_loss: 0.6390606051433013, loss_per_50: 0.5942108327150345, time:22.05s
Epoch: 0, batch: 35227/29351, avg_loss: 0.6390031681562874, loss_per_50: 0.6053439450263977, time:20.99s
Epoch: 0, batch: 35227/29401, avg_loss: 0.6389064594552345, loss_per_50: 0.5821365177631378, time:19.14s
Epoch: 0, batch: 35227/29451, avg_loss: 0.6388382683694515, loss_per_50: 0.5987405461072922, time:19.06s
Epoch: 0, batch: 35227/29501, avg_loss: 0.6387844357683369, loss_per_50: 0.6070759570598603, time:20.92s
Epoch: 0, batch: 35227/29551, avg_loss: 0.6387594525033312, loss_per_50: 0.6240188264846802, time:18.64s
Epoch: 0, batch: 35227/29601, avg_loss: 0.6386792134964395, loss_per_50: 0.5912563556432724, time:20.75s
Epoch: 0, batch: 35227/29651, avg_loss: 0.6386378349574323, loss_per_50: 0.6141409122943878, time:18.61s
Epoch: 0, batch: 35227/29701, avg_loss: 0.6385890867843688, loss_per_50: 0.6096804451942444, time:17.90s
Epoch: 0, batch: 35227/29751, avg_loss: 0.6385324941421211, loss_per_50: 0.6049153327941894, time:22.13s
Epoch: 0, batch: 35227/29801, avg_loss: 0.638487230609965, loss_per_50: 0.6115545237064361, time:21.18s
Epoch: 0, batch: 35227/29851, avg_loss: 0.6384349519232203, loss_per_50: 0.6072758090496063, time:20.46s
Epoch: 0, batch: 35227/29901, avg_loss: 0.6383933213679177, loss_per_50: 0.6135390472412109, time:19.94s
Epoch: 0, batch: 35227/29951, avg_loss: 0.6383460077710957, loss_per_50: 0.6100515305995942, time:21.56s
Epoch: 0, batch: 35227/30001, avg_loss: 0.6382836767224199, loss_per_50: 0.6009461319446564, time:20.34s
Epoch: 0, batch: 35227/30051, avg_loss: 0.6382134207207162, loss_per_50: 0.5960584145784378, time:19.20s
Epoch: 0, batch: 35227/30101, avg_loss: 0.6381622493467055, loss_per_50: 0.6074072301387787, time:21.15s
Epoch: 0, batch: 35227/30151, avg_loss: 0.638083428843279, loss_per_50: 0.5906319093704223, time:20.72s
Epoch: 0, batch: 35227/30201, avg_loss: 0.6380357861672801, loss_per_50: 0.6093062996864319, time:20.12s
Epoch: 0, batch: 35227/30251, avg_loss: 0.6379965044542532, loss_per_50: 0.6142695641517639, time:18.75s
Epoch: 0, batch: 35227/30301, avg_loss: 0.6379403804462777, loss_per_50: 0.6039842331409454, time:20.04s
Epoch: 0, batch: 35227/30351, avg_loss: 0.6378879940732496, loss_per_50: 0.6061408042907714, time:19.48s
Epoch: 0, batch: 35227/30401, avg_loss: 0.6378315546789757, loss_per_50: 0.6035717135667801, time:22.87s
Epoch: 0, batch: 35227/30451, avg_loss: 0.6377804844221894, loss_per_50: 0.6067287468910217, time:21.91s
Epoch: 0, batch: 35227/30501, avg_loss: 0.6377149092696158, loss_per_50: 0.5977783298492432, time:21.70s
Epoch: 0, batch: 35227/30551, avg_loss: 0.637663576297489, loss_per_50: 0.6063494366407395, time:19.78s
Epoch: 0, batch: 35227/30601, avg_loss: 0.6376137473661835, loss_per_50: 0.6071672737598419, time:19.41s
Epoch: 0, batch: 35227/30651, avg_loss: 0.6375425319108312, loss_per_50: 0.5939572489261628, time:20.79s
Epoch: 0, batch: 35227/30701, avg_loss: 0.637466956869538, loss_per_50: 0.5911379450559616, time:22.03s
Epoch: 0, batch: 35227/30751, avg_loss: 0.6373989418818192, loss_per_50: 0.595636379122734, time:19.15s
Epoch: 0, batch: 35227/30801, avg_loss: 0.6373260314898198, loss_per_50: 0.5924846822023392, time:18.60s
Epoch: 0, batch: 35227/30851, avg_loss: 0.6372774384488612, loss_per_50: 0.6073431533575058, time:21.62s
Epoch: 0, batch: 35227/30901, avg_loss: 0.6372263123900684, loss_per_50: 0.6056805115938186, time:20.15s
Epoch: 0, batch: 35227/30951, avg_loss: 0.6371676291317043, loss_per_50: 0.6009002017974854, time:21.80s
Epoch: 0, batch: 35227/31001, avg_loss: 0.6371223725500362, loss_per_50: 0.60910764336586, time:20.38s
Epoch: 0, batch: 35227/31051, avg_loss: 0.6370694389548963, loss_per_50: 0.6042495512962341, time:18.48s
Epoch: 0, batch: 35227/31101, avg_loss: 0.6369968953853151, loss_per_50: 0.5919458878040313, time:20.70s
Epoch: 0, batch: 35227/31151, avg_loss: 0.6369551734020651, loss_per_50: 0.6110032653808594, time:20.02s
Epoch: 0, batch: 35227/31201, avg_loss: 0.636902969807777, loss_per_50: 0.6043790864944458, time:19.37s
Epoch: 0, batch: 35227/31251, avg_loss: 0.6368528172535415, loss_per_50: 0.6055566203594208, time:19.19s
Epoch: 0, batch: 35227/31301, avg_loss: 0.6368006691177152, loss_per_50: 0.6042070412635803, time:19.38s
Epoch: 0, batch: 35227/31351, avg_loss: 0.6367179585335521, loss_per_50: 0.584939478635788, time:18.80s
Epoch: 0, batch: 35227/31401, avg_loss: 0.6366731399861663, loss_per_50: 0.6085710144042968, time:19.77s
Epoch: 0, batch: 35227/31451, avg_loss: 0.6366178741267761, loss_per_50: 0.6019098091125489, time:17.87s
Epoch: 0, batch: 35227/31501, avg_loss: 0.636553518905749, loss_per_50: 0.5960727977752686, time:19.06s
Epoch: 0, batch: 35227/31551, avg_loss: 0.6364984909608388, loss_per_50: 0.6018297851085663, time:17.53s
Epoch: 0, batch: 35227/31601, avg_loss: 0.6364337940670026, loss_per_50: 0.5956087601184845, time:17.33s
Epoch: 0, batch: 35227/31651, avg_loss: 0.6363555612219389, loss_per_50: 0.5869108384847641, time:19.60s
Epoch: 0, batch: 35227/31701, avg_loss: 0.6362978956409142, loss_per_50: 0.5997944295406341, time:17.34s
Epoch: 0, batch: 35227/31751, avg_loss: 0.6362263517399885, loss_per_50: 0.5908660876750946, time:17.09s
Epoch: 0, batch: 35227/31801, avg_loss: 0.6361591881905138, loss_per_50: 0.5935089910030364, time:17.24s
Epoch: 0, batch: 35227/31851, avg_loss: 0.6360901720197993, loss_per_50: 0.5921945071220398, time:17.31s
Epoch: 0, batch: 35227/31901, avg_loss: 0.6360502200469915, loss_per_50: 0.6106000143289566, time:17.55s
Epoch: 0, batch: 35227/31951, avg_loss: 0.6360083756874113, loss_per_50: 0.6093108373880386, time:19.81s
Epoch: 0, batch: 35227/32001, avg_loss: 0.6359336397926575, loss_per_50: 0.5881759083271026, time:19.49s
Epoch: 0, batch: 35227/32051, avg_loss: 0.6358621365000969, loss_per_50: 0.5900985991954804, time:19.14s
Epoch: 0, batch: 35227/32101, avg_loss: 0.6358092700693118, loss_per_50: 0.6019208306074142, time:19.68s
Epoch: 0, batch: 35227/32151, avg_loss: 0.6357628367793737, loss_per_50: 0.6059517359733582, time:16.47s
Epoch: 0, batch: 35227/32201, avg_loss: 0.6356944438028527, loss_per_50: 0.5917163920402527, time:18.62s
Epoch: 0, batch: 35227/32251, avg_loss: 0.6356510402115699, loss_per_50: 0.6076982593536377, time:17.50s
Epoch: 0, batch: 35227/32301, avg_loss: 0.6355963746974211, loss_per_50: 0.6003360247612, time:19.35s
Epoch: 0, batch: 35227/32351, avg_loss: 0.6355440182336305, loss_per_50: 0.6017206954956055, time:17.27s
Epoch: 0, batch: 35227/32401, avg_loss: 0.6354553153962177, loss_per_50: 0.5780628055334092, time:18.23s
Epoch: 0, batch: 35227/32451, avg_loss: 0.6353879518117461, loss_per_50: 0.5917350018024444, time:17.83s
Epoch: 0, batch: 35227/32501, avg_loss: 0.6353135511972792, loss_per_50: 0.5870260643959045, time:17.58s
Epoch: 0, batch: 35227/32551, avg_loss: 0.6352493348973038, loss_per_50: 0.593507455587387, time:19.23s
Epoch: 0, batch: 35227/32601, avg_loss: 0.6352015712528791, loss_per_50: 0.6041064834594727, time:17.88s
Epoch: 0, batch: 35227/32651, avg_loss: 0.6351360601462952, loss_per_50: 0.5924215084314346, time:17.27s
Epoch: 0, batch: 35227/32701, avg_loss: 0.63508544637575, loss_per_50: 0.6020336419343948, time:16.52s
Epoch: 0, batch: 35227/32751, avg_loss: 0.6350340315783931, loss_per_50: 0.6014077258110047, time:19.04s
Epoch: 0, batch: 35227/32801, avg_loss: 0.6349664489120497, loss_per_50: 0.5906984508037567, time:17.97s
Epoch: 0, batch: 35227/32851, avg_loss: 0.6348977609550328, loss_per_50: 0.589837087392807, time:16.87s
Epoch: 0, batch: 35227/32901, avg_loss: 0.6348402910877704, loss_per_50: 0.5970814388990402, time:19.44s
Epoch: 0, batch: 35227/32951, avg_loss: 0.634775895091392, loss_per_50: 0.592402041554451, time:18.58s
Epoch: 0, batch: 35227/33001, avg_loss: 0.6347083001466438, loss_per_50: 0.590161879658699, time:19.66s
Epoch: 0, batch: 35227/33051, avg_loss: 0.6346365903623923, loss_per_50: 0.5873066985607147, time:17.24s
Epoch: 0, batch: 35227/33101, avg_loss: 0.6345844373571985, loss_per_50: 0.6001102578639984, time:18.16s
Epoch: 0, batch: 35227/33151, avg_loss: 0.6345202458485202, loss_per_50: 0.5920241832733154, time:19.83s
Epoch: 0, batch: 35227/33201, avg_loss: 0.63445483132165, loss_per_50: 0.5910836917161941, time:19.64s
Epoch: 0, batch: 35227/33251, avg_loss: 0.6344071548982317, loss_per_50: 0.6027490562200546, time:19.65s
Epoch: 0, batch: 35227/33301, avg_loss: 0.6343527493451881, loss_per_50: 0.598171968460083, time:19.97s
Epoch: 0, batch: 35227/33351, avg_loss: 0.6342902482521022, loss_per_50: 0.5926632702350616, time:18.67s
Epoch: 0, batch: 35227/33401, avg_loss: 0.6342167357312238, loss_per_50: 0.5851824140548706, time:18.82s
Epoch: 0, batch: 35227/33451, avg_loss: 0.6341540997822913, loss_per_50: 0.5923120331764221, time:18.39s
Epoch: 0, batch: 35227/33501, avg_loss: 0.6340684356367349, loss_per_50: 0.5767574089765549, time:22.32s
Epoch: 0, batch: 35227/33551, avg_loss: 0.6340310933540121, loss_per_50: 0.6090110170841218, time:17.03s
Epoch: 0, batch: 35227/33601, avg_loss: 0.6339784244945236, loss_per_50: 0.598636566400528, time:17.22s
Epoch: 0, batch: 35227/33651, avg_loss: 0.6339044150293063, loss_per_50: 0.5841685742139816, time:18.16s
Epoch: 0, batch: 35227/33701, avg_loss: 0.6338383370944044, loss_per_50: 0.5893665653467178, time:19.16s
Epoch: 0, batch: 35227/33751, avg_loss: 0.6337740698135085, loss_per_50: 0.5904566371440887, time:18.52s
Epoch: 0, batch: 35227/33801, avg_loss: 0.6337093753220926, loss_per_50: 0.5900392997264862, time:18.64s
Epoch: 0, batch: 35227/33851, avg_loss: 0.633659326850757, loss_per_50: 0.599825559258461, time:18.56s
Epoch: 0, batch: 35227/33901, avg_loss: 0.6335926855474773, loss_per_50: 0.5884751904010773, time:18.71s
Epoch: 0, batch: 35227/33951, avg_loss: 0.6335522831715223, loss_per_50: 0.606158664226532, time:17.97s
Epoch: 0, batch: 35227/34001, avg_loss: 0.6335144260703373, loss_per_50: 0.6078086972236634, time:18.30s
Epoch: 0, batch: 35227/34051, avg_loss: 0.6334519964999723, loss_per_50: 0.5909986400604248, time:18.17s
Epoch: 0, batch: 35227/34101, avg_loss: 0.6334842930610626, loss_per_50: 0.6554788970947265, time:20.73s
Epoch: 0, batch: 35227/34151, avg_loss: 0.6334376740400126, loss_per_50: 0.6016425693035126, time:18.95s
Epoch: 0, batch: 35227/34201, avg_loss: 0.6333934493367914, loss_per_50: 0.6031870925426484, time:18.53s
Epoch: 0, batch: 35227/34251, avg_loss: 0.633359805995059, loss_per_50: 0.6103470873832703, time:17.58s
Epoch: 0, batch: 35227/34301, avg_loss: 0.6333059261998735, loss_per_50: 0.5963971889019013, time:19.00s
Epoch: 0, batch: 35227/34351, avg_loss: 0.6332398093491814, loss_per_50: 0.5878823274374008, time:20.69s
Epoch: 0, batch: 35227/34401, avg_loss: 0.6331905511417609, loss_per_50: 0.5993491774797439, time:18.50s
Epoch: 0, batch: 35227/34451, avg_loss: 0.6331351188060587, loss_per_50: 0.5949965631961822, time:18.55s
Epoch: 0, batch: 35227/34501, avg_loss: 0.6330909693509937, loss_per_50: 0.6026711118221283, time:19.76s
Epoch: 0, batch: 35227/34551, avg_loss: 0.6330618920933406, loss_per_50: 0.6129980027675629, time:18.68s
Epoch: 0, batch: 35227/34601, avg_loss: 0.6329971512610615, loss_per_50: 0.5882599413394928, time:19.58s
Epoch: 0, batch: 35227/34651, avg_loss: 0.63294784454005, loss_per_50: 0.598826607465744, time:16.79s
Epoch: 0, batch: 35227/34701, avg_loss: 0.6328953785615086, loss_per_50: 0.5965354061126709, time:17.30s
Epoch: 0, batch: 35227/34751, avg_loss: 0.6328409085829191, loss_per_50: 0.595037654042244, time:20.35s
Epoch: 0, batch: 35227/34801, avg_loss: 0.6327875870645555, loss_per_50: 0.5957280653715133, time:17.91s
Epoch: 0, batch: 35227/34851, avg_loss: 0.6327434762863822, loss_per_50: 0.6020414924621582, time:19.33s
Epoch: 0, batch: 35227/34901, avg_loss: 0.632695777402191, loss_per_50: 0.5994487011432648, time:19.11s
Epoch: 0, batch: 35227/34951, avg_loss: 0.6326534758028269, loss_per_50: 0.6031261134147644, time:19.58s
Epoch: 0, batch: 35227/35001, avg_loss: 0.6325785387715579, loss_per_50: 0.5801960551738738, time:18.61s
Epoch: 0, batch: 35227/35051, avg_loss: 0.6325213592284273, loss_per_50: 0.592494535446167, time:19.83s
Epoch: 0, batch: 35227/35101, avg_loss: 0.6324575929668078, loss_per_50: 0.5877561682462692, time:18.12s
Epoch: 0, batch: 35227/35151, avg_loss: 0.6324007128060672, loss_per_50: 0.5924697023630142, time:20.39s
Epoch: 0, batch: 35227/35201, avg_loss: 0.6323352632421054, loss_per_50: 0.586322910785675, time:20.36s
EPOCH:[0]  EXECUTION TIME: 15885.89s
----finish----
