INFO: localdir at /scratch/943819.yma
INFO: your job will run on local system.
['/home/yma/thesis_project/FakeNewsDetection_MSc_thesis', '/home/yma/miniconda3/envs/NLP_project/lib/python39.zip', '/home/yma/miniconda3/envs/NLP_project/lib/python3.9', '/home/yma/miniconda3/envs/NLP_project/lib/python3.9/lib-dynload', '/home/yma/miniconda3/envs/NLP_project/lib/python3.9/site-packages']
                                         clean_title      id  2_way_label
0  my walgreens offbrand mucinex was engraved wit...  awxhir            1
1                this concerned sink with a tiny hat  98pbid            0
2      hackers leak emails from uae ambassador to us  6f2cy5            1
3                           puppy taking in the view  4xypkv            1
4               i found a face in my sheet music too  8gnet9            0
training set:(563613, 3)
validation set:(59299, 3)
testing set:(59271, 3)
loading model
/home/yma/miniconda3/envs/NLP_project/lib/python3.9/site-packages/PIL/Image.py:981: UserWarning: Palette images with Transparency expressed in bytes should be converted to RGBA images
  warnings.warn(
/home/yma/miniconda3/envs/NLP_project/lib/python3.9/site-packages/PIL/Image.py:3186: DecompressionBombWarning: Image size (156250000 pixels) exceeds limit of 89478485 pixels, could be decompression bomb DOS attack.
  warnings.warn(
—————————— RESULT ——————————
**acc** :       【77.66%】
**precision** : 【0.6951082536116813】------- **precision-Macro** : 【0.7673121913219696】
**recall** :    【0.7695969125214408】------- **precision-Macro** : 【0.7754013079241908】
**f1** :        【0.7304584952888744】------- **precision-Macro** : 【0.7698852317501687】
**conf_matrix**:
【[[28107  7872]
 [ 5373 17947]]】
**FPR** :       【0.21879429667305927】
----finish----
